<?xml version="1.0" encoding="UTF-8"?>
<testsuite xmlns:xsi="http://www.w3.org/2001/XMLSchema-instance" xsi:noNamespaceSchemaLocation="https://maven.apache.org/surefire/maven-surefire-plugin/xsd/surefire-test-report.xsd" name="karate.RunTest" time="5" tests="4" errors="0" skipped="0" failures="0">
  <properties>
[...]
</properties>
  <testcase name="testSample[1][1]" classname="karate.RunTest" time="2.051"/>
  <testcase name="testSample[1][2]" classname="karate.RunTest" time="0.352"/>
  <testcase name="testSample[1][3]" classname="karate.RunTest" time="0.505"/>
  <testcase name="testSample[1][4]" classname="karate.RunTest" time="1.308"/>
</testsuite>